<?xml version="1.0" encoding="UTF-8"?>
<!-- Generated by org.testng.reporters.JUnitXMLReporter -->
<testsuite ignored="0" hostname="BGLPF2ANKWJ" failures="2" tests="8" name="Test" time="132.483" errors="0" timestamp="2022-09-04T01:43:18 IST">
  <testcase classname="pkg1.Annotations" name="Testsample" time="0.05"/>
  <testcase classname="pkg1.Assertions" name="Verify1" time="0.054">
    <failure type="java.lang.AssertionError" message="expected [2] but found [1]">
      <![CDATA[java.lang.AssertionError: expected [2] but found [1]
at pkg1.Assertions.Verify1(Assertions.java:26)
at java.base/java.util.ArrayList.forEach(ArrayList.java:1511)
... Removed 31 stack frames]]>
    </failure>
  </testcase> <!-- Verify1 -->
  <testcase classname="pkg1.Assertions" name="Verify2" time="0.004">
    <failure type="java.lang.AssertionError" message="expected [Saikiaa] but found [Saikia]">
      <![CDATA[java.lang.AssertionError: expected [Saikiaa] but found [Saikia]
at pkg1.Assertions.Verify2(Assertions.java:31)
at java.base/java.util.ArrayList.forEach(ArrayList.java:1511)
... Removed 31 stack frames]]>
    </failure>
  </testcase> <!-- Verify2 -->
  <testcase classname="pkg1.Assertions" name="VerifyWebTitle" time="0.076"/>
  <testcase classname="pkg1.ClassnameLocator" name="VerifyClassname" time="0.212"/>
  <testcase classname="pkg1.FindLinks" name="TotalLinks" time="10.011"/>
  <testcase classname="pkg1.LoginPageTest" name="VerifyLogin" time="0.711"/>
  <testcase classname="pkg1.Samplehello1" name="Hellosample1" time="0.024"/>
</testsuite> <!-- Test -->
