<?xml version="1.0" encoding="UTF-8"?>
<testng-results ignored="0" total="1" passed="1" failed="0" skipped="0">
  <reporter-output>
  </reporter-output>
  <suite started-at="2023-10-30T10:54:40 IST" name="Default suite" finished-at="2023-10-30T10:54:42 IST" duration-ms="2160">
    <groups>
    </groups>
    <test started-at="2023-10-30T10:54:40 IST" name="Default test" finished-at="2023-10-30T10:54:42 IST" duration-ms="2160">
      <class name="tutorials.TestCaseOne">
        <test-method is-config="true" signature="Setup()[pri:0, instance:tutorials.TestCaseOne@2af004b]" started-at="2023-10-30T10:54:40 IST" name="Setup" finished-at="2023-10-30T10:54:42 IST" duration-ms="2130" status="PASS">
          <reporter-output>
          </reporter-output>
        </test-method> <!-- Setup -->
        <test-method signature="FirstTest()[pri:0, instance:tutorials.TestCaseOne@2af004b]" started-at="2023-10-30T10:54:42 IST" name="FirstTest" finished-at="2023-10-30T10:54:42 IST" duration-ms="3" status="PASS">
          <reporter-output>
          </reporter-output>
        </test-method> <!-- FirstTest -->
      </class> <!-- tutorials.TestCaseOne -->
    </test> <!-- Default test -->
  </suite> <!-- Default suite -->
</testng-results>
